
**** Build of configuration Release for project Copy of adc ****

"C:\\ti\\ccsv6\\utils\\bin\\gmake" -k all 
'Building file: C:/ti/CC3200SDK_1.2.0/cc3200-sdk/example/common/gpio_if.c'
'Invoking: ARM Compiler'
"C:/ti/ccsv6/tools/compiler/ti-cgt-arm_5.2.5/bin/armcl" -mv7M4 --code_state=16 --float_support=vfplib --abi=eabi -me -Ooff --include_path="C:/ti/ccsv6/tools/compiler/ti-cgt-arm_5.2.5/include" --include_path="C:/ti/CC3200SDK_1.2.0/cc3200-sdk/" --include_path="C:/ti/CC3200SDK_1.2.0/cc3200-sdk/example/common" --include_path="C:/ti/CC3200SDK_1.2.0/cc3200-sdk/driverlib" --include_path="C:/ti/CC3200SDK_1.2.0/cc3200-sdk/inc" -g --gcc --define=ccs --define=cc3200 --diag_wrap=off --diag_warning=225 --display_error_number --printf_support=full --preproc_with_compile --preproc_dependency="gpio_if.pp"  "C:/ti/CC3200SDK_1.2.0/cc3200-sdk/example/common/gpio_if.c"
'Finished building: C:/ti/CC3200SDK_1.2.0/cc3200-sdk/example/common/gpio_if.c'
' '
'Building file: ../main.c'
'Invoking: ARM Compiler'
"C:/ti/ccsv6/tools/compiler/ti-cgt-arm_5.2.5/bin/armcl" -mv7M4 --code_state=16 --float_support=vfplib --abi=eabi -me -Ooff --include_path="C:/ti/ccsv6/tools/compiler/ti-cgt-arm_5.2.5/include" --include_path="C:/ti/CC3200SDK_1.2.0/cc3200-sdk/" --include_path="C:/ti/CC3200SDK_1.2.0/cc3200-sdk/example/common" --include_path="C:/ti/CC3200SDK_1.2.0/cc3200-sdk/driverlib" --include_path="C:/ti/CC3200SDK_1.2.0/cc3200-sdk/inc" -g --gcc --define=ccs --define=cc3200 --diag_wrap=off --diag_warning=225 --display_error_number --printf_support=full --preproc_with_compile --preproc_dependency="main.pp"  "../main.c"
'Finished building: ../main.c'
' '
'Building file: ../pinmux.c'
'Invoking: ARM Compiler'
"C:/ti/ccsv6/tools/compiler/ti-cgt-arm_5.2.5/bin/armcl" -mv7M4 --code_state=16 --float_support=vfplib --abi=eabi -me -Ooff --include_path="C:/ti/ccsv6/tools/compiler/ti-cgt-arm_5.2.5/include" --include_path="C:/ti/CC3200SDK_1.2.0/cc3200-sdk/" --include_path="C:/ti/CC3200SDK_1.2.0/cc3200-sdk/example/common" --include_path="C:/ti/CC3200SDK_1.2.0/cc3200-sdk/driverlib" --include_path="C:/ti/CC3200SDK_1.2.0/cc3200-sdk/inc" -g --gcc --define=ccs --define=cc3200 --diag_wrap=off --diag_warning=225 --display_error_number --printf_support=full --preproc_with_compile --preproc_dependency="pinmux.pp"  "../pinmux.c"
'Finished building: ../pinmux.c'
' '
'Building file: C:/ti/CC3200SDK_1.2.0/cc3200-sdk/example/common/startup_ccs.c'
'Invoking: ARM Compiler'
"C:/ti/ccsv6/tools/compiler/ti-cgt-arm_5.2.5/bin/armcl" -mv7M4 --code_state=16 --float_support=vfplib --abi=eabi -me -Ooff --include_path="C:/ti/ccsv6/tools/compiler/ti-cgt-arm_5.2.5/include" --include_path="C:/ti/CC3200SDK_1.2.0/cc3200-sdk/" --include_path="C:/ti/CC3200SDK_1.2.0/cc3200-sdk/example/common" --include_path="C:/ti/CC3200SDK_1.2.0/cc3200-sdk/driverlib" --include_path="C:/ti/CC3200SDK_1.2.0/cc3200-sdk/inc" -g --gcc --define=ccs --define=cc3200 --diag_wrap=off --diag_warning=225 --display_error_number --printf_support=full --preproc_with_compile --preproc_dependency="startup_ccs.pp"  "C:/ti/CC3200SDK_1.2.0/cc3200-sdk/example/common/startup_ccs.c"
'Finished building: C:/ti/CC3200SDK_1.2.0/cc3200-sdk/example/common/startup_ccs.c'
' '
'Building target: Copy of adc.out'
'Invoking: ARM Linker'
"C:/ti/ccsv6/tools/compiler/ti-cgt-arm_5.2.5/bin/armcl" -mv7M4 --code_state=16 --float_support=vfplib --abi=eabi -me -Ooff -g --gcc --define=ccs --define=cc3200 --diag_wrap=off --diag_warning=225 --display_error_number --printf_support=full -z -m"Copy of adc.map" --heap_size=0x00008000 --stack_size=0x00001000 -i"C:/ti/ccsv6/tools/compiler/ti-cgt-arm_5.2.5/lib" -i"C:/ti/ccsv6/tools/compiler/ti-cgt-arm_5.2.5/include" --reread_libs --display_error_number --diag_wrap=off --warn_sections --xml_link_info="Copy of adc_linkInfo.xml" --rom_model -o "Copy of adc.out" "./gpio_if.obj" "./main.obj" "./pinmux.obj" "./startup_ccs.obj"  -l"libc.a" -l"C:/ti/CC3200SDK_1.2.0/cc3200-sdk/example/adc/ccs/../../../driverlib/ccs/Release/driverlib.a" 
<Linking>
error #10008-D: cannot find file "C:/ti/CC3200SDK_1.2.0/cc3200-sdk/example/adc/ccs/../../../driverlib/ccs/Release/driverlib.a"
warning #10247-D: creating output section ".text" without a SECTIONS specification
warning #10247-D: creating output section ".data" without a SECTIONS specification
warning #10247-D: creating output section ".bss" without a SECTIONS specification
warning #10247-D: creating output section ".cinit" without a SECTIONS specification

 undefined               first referenced
  symbol                     in file     
 ---------               ----------------
 GPIODirModeSet          ./pinmux.obj    
 GPIOIntClear            ./gpio_if.obj   
 GPIOIntEnable           ./gpio_if.obj   
 GPIOIntRegister         ./gpio_if.obj   
 GPIOIntTypeSet          ./gpio_if.obj   
 GPIOPinRead             ./gpio_if.obj   
 GPIOPinWrite            ./gpio_if.obj   
 IntEnable               ./main.obj      
 IntMasterEnable         ./main.obj      
 IntPrioritySet          ./gpio_if.obj   
 IntVTableBaseSet        ./main.obj      
 PRCMCC3200MCUInit       ./main.obj      
 PRCMPeripheralClkEnable ./pinmux.obj    
 PinTypeGPIO             ./pinmux.obj    
 UtilsDelay              ./main.obj      
 g_pfnVectors            ./main.obj      

error #10234-D: unresolved symbols remain
error #10010: errors encountered during linking; "Copy of adc.out" not built

>> Compilation failure
gmake: *** [Copy of adc.out] Error 1
gmake: Target `all' not remade because of errors.

**** Build Finished ****
