
**** Build of configuration Release for project get_time ****

"C:\\ti\\ccsv6\\utils\\bin\\gmake" -k all 
'Building file: C:/ti/CC3200SDK_1.2.0/cc3200-sdk/example/common/gpio_if.c'
'Invoking: ARM Compiler'
"C:/ti/ccsv6/tools/compiler/ti-cgt-arm_5.2.5/bin/armcl" -mv7M4 --code_state=16 --float_support=fpalib --abi=eabi -me --include_path="C:/ti/ccsv6/tools/compiler/ti-cgt-arm_5.2.5/include" --include_path="C:/ti/CC3200SDK_1.2.0/cc3200-sdk/example/common" --include_path="C:/ti/CC3200SDK_1.2.0/cc3200-sdk/driverlib" --include_path="C:/ti/CC3200SDK_1.2.0/cc3200-sdk/inc" --include_path="C:/ti/CC3200SDK_1.2.0/cc3200-sdk/oslib/" --include_path="C:/ti/CC3200SDK_1.2.0/cc3200-sdk/simplelink/" --include_path="C:/ti/CC3200SDK_1.2.0/cc3200-sdk/simplelink/include" --include_path="C:/ti/CC3200SDK_1.2.0/cc3200-sdk/simplelink/source" --include_path="C:/ti/CC3200SDK_1.2.0/cc3200-sdk/simplelink_extlib/provisioninglib" -g --gcc --define=ccs --define=SL_PLATFORM_MULTI_THREADED --define=USE_FREERTOS --define=cc3200 --diag_wrap=off --diag_warning=225 --display_error_number --preproc_with_compile --preproc_dependency="gpio_if.pp"  "C:/ti/CC3200SDK_1.2.0/cc3200-sdk/example/common/gpio_if.c"
'Finished building: C:/ti/CC3200SDK_1.2.0/cc3200-sdk/example/common/gpio_if.c'
' '
'Building file: ../main.c'
'Invoking: ARM Compiler'
"C:/ti/ccsv6/tools/compiler/ti-cgt-arm_5.2.5/bin/armcl" -mv7M4 --code_state=16 --float_support=fpalib --abi=eabi -me --include_path="C:/ti/ccsv6/tools/compiler/ti-cgt-arm_5.2.5/include" --include_path="C:/ti/CC3200SDK_1.2.0/cc3200-sdk/example/common" --include_path="C:/ti/CC3200SDK_1.2.0/cc3200-sdk/driverlib" --include_path="C:/ti/CC3200SDK_1.2.0/cc3200-sdk/inc" --include_path="C:/ti/CC3200SDK_1.2.0/cc3200-sdk/oslib/" --include_path="C:/ti/CC3200SDK_1.2.0/cc3200-sdk/simplelink/" --include_path="C:/ti/CC3200SDK_1.2.0/cc3200-sdk/simplelink/include" --include_path="C:/ti/CC3200SDK_1.2.0/cc3200-sdk/simplelink/source" --include_path="C:/ti/CC3200SDK_1.2.0/cc3200-sdk/simplelink_extlib/provisioninglib" -g --gcc --define=ccs --define=SL_PLATFORM_MULTI_THREADED --define=USE_FREERTOS --define=cc3200 --diag_wrap=off --diag_warning=225 --display_error_number --preproc_with_compile --preproc_dependency="main.pp"  "../main.c"
'Finished building: ../main.c'
' '
'Building file: C:/ti/CC3200SDK_1.2.0/cc3200-sdk/example/common/network_common.c'
'Invoking: ARM Compiler'
"C:/ti/ccsv6/tools/compiler/ti-cgt-arm_5.2.5/bin/armcl" -mv7M4 --code_state=16 --float_support=fpalib --abi=eabi -me --include_path="C:/ti/ccsv6/tools/compiler/ti-cgt-arm_5.2.5/include" --include_path="C:/ti/CC3200SDK_1.2.0/cc3200-sdk/example/common" --include_path="C:/ti/CC3200SDK_1.2.0/cc3200-sdk/driverlib" --include_path="C:/ti/CC3200SDK_1.2.0/cc3200-sdk/inc" --include_path="C:/ti/CC3200SDK_1.2.0/cc3200-sdk/oslib/" --include_path="C:/ti/CC3200SDK_1.2.0/cc3200-sdk/simplelink/" --include_path="C:/ti/CC3200SDK_1.2.0/cc3200-sdk/simplelink/include" --include_path="C:/ti/CC3200SDK_1.2.0/cc3200-sdk/simplelink/source" --include_path="C:/ti/CC3200SDK_1.2.0/cc3200-sdk/simplelink_extlib/provisioninglib" -g --gcc --define=ccs --define=SL_PLATFORM_MULTI_THREADED --define=USE_FREERTOS --define=cc3200 --diag_wrap=off --diag_warning=225 --display_error_number --preproc_with_compile --preproc_dependency="network_common.pp"  "C:/ti/CC3200SDK_1.2.0/cc3200-sdk/example/common/network_common.c"
'Finished building: C:/ti/CC3200SDK_1.2.0/cc3200-sdk/example/common/network_common.c'
' '
'Building file: C:/ti/CC3200SDK_1.2.0/cc3200-sdk/example/common/network_if.c'
'Invoking: ARM Compiler'
"C:/ti/ccsv6/tools/compiler/ti-cgt-arm_5.2.5/bin/armcl" -mv7M4 --code_state=16 --float_support=fpalib --abi=eabi -me --include_path="C:/ti/ccsv6/tools/compiler/ti-cgt-arm_5.2.5/include" --include_path="C:/ti/CC3200SDK_1.2.0/cc3200-sdk/example/common" --include_path="C:/ti/CC3200SDK_1.2.0/cc3200-sdk/driverlib" --include_path="C:/ti/CC3200SDK_1.2.0/cc3200-sdk/inc" --include_path="C:/ti/CC3200SDK_1.2.0/cc3200-sdk/oslib/" --include_path="C:/ti/CC3200SDK_1.2.0/cc3200-sdk/simplelink/" --include_path="C:/ti/CC3200SDK_1.2.0/cc3200-sdk/simplelink/include" --include_path="C:/ti/CC3200SDK_1.2.0/cc3200-sdk/simplelink/source" --include_path="C:/ti/CC3200SDK_1.2.0/cc3200-sdk/simplelink_extlib/provisioninglib" -g --gcc --define=ccs --define=SL_PLATFORM_MULTI_THREADED --define=USE_FREERTOS --define=cc3200 --diag_wrap=off --diag_warning=225 --display_error_number --preproc_with_compile --preproc_dependency="network_if.pp"  "C:/ti/CC3200SDK_1.2.0/cc3200-sdk/example/common/network_if.c"
'Finished building: C:/ti/CC3200SDK_1.2.0/cc3200-sdk/example/common/network_if.c'
' '
'Building file: ../pinmux.c'
'Invoking: ARM Compiler'
"C:/ti/ccsv6/tools/compiler/ti-cgt-arm_5.2.5/bin/armcl" -mv7M4 --code_state=16 --float_support=fpalib --abi=eabi -me --include_path="C:/ti/ccsv6/tools/compiler/ti-cgt-arm_5.2.5/include" --include_path="C:/ti/CC3200SDK_1.2.0/cc3200-sdk/example/common" --include_path="C:/ti/CC3200SDK_1.2.0/cc3200-sdk/driverlib" --include_path="C:/ti/CC3200SDK_1.2.0/cc3200-sdk/inc" --include_path="C:/ti/CC3200SDK_1.2.0/cc3200-sdk/oslib/" --include_path="C:/ti/CC3200SDK_1.2.0/cc3200-sdk/simplelink/" --include_path="C:/ti/CC3200SDK_1.2.0/cc3200-sdk/simplelink/include" --include_path="C:/ti/CC3200SDK_1.2.0/cc3200-sdk/simplelink/source" --include_path="C:/ti/CC3200SDK_1.2.0/cc3200-sdk/simplelink_extlib/provisioninglib" -g --gcc --define=ccs --define=SL_PLATFORM_MULTI_THREADED --define=USE_FREERTOS --define=cc3200 --diag_wrap=off --diag_warning=225 --display_error_number --preproc_with_compile --preproc_dependency="pinmux.pp"  "../pinmux.c"
'Finished building: ../pinmux.c'
' '
'Building file: C:/ti/CC3200SDK_1.2.0/cc3200-sdk/example/common/startup_ccs.c'
'Invoking: ARM Compiler'
"C:/ti/ccsv6/tools/compiler/ti-cgt-arm_5.2.5/bin/armcl" -mv7M4 --code_state=16 --float_support=fpalib --abi=eabi -me --include_path="C:/ti/ccsv6/tools/compiler/ti-cgt-arm_5.2.5/include" --include_path="C:/ti/CC3200SDK_1.2.0/cc3200-sdk/example/common" --include_path="C:/ti/CC3200SDK_1.2.0/cc3200-sdk/driverlib" --include_path="C:/ti/CC3200SDK_1.2.0/cc3200-sdk/inc" --include_path="C:/ti/CC3200SDK_1.2.0/cc3200-sdk/oslib/" --include_path="C:/ti/CC3200SDK_1.2.0/cc3200-sdk/simplelink/" --include_path="C:/ti/CC3200SDK_1.2.0/cc3200-sdk/simplelink/include" --include_path="C:/ti/CC3200SDK_1.2.0/cc3200-sdk/simplelink/source" --include_path="C:/ti/CC3200SDK_1.2.0/cc3200-sdk/simplelink_extlib/provisioninglib" -g --gcc --define=ccs --define=SL_PLATFORM_MULTI_THREADED --define=USE_FREERTOS --define=cc3200 --diag_wrap=off --diag_warning=225 --display_error_number --preproc_with_compile --preproc_dependency="startup_ccs.pp"  "C:/ti/CC3200SDK_1.2.0/cc3200-sdk/example/common/startup_ccs.c"
'Finished building: C:/ti/CC3200SDK_1.2.0/cc3200-sdk/example/common/startup_ccs.c'
' '
'Building file: C:/ti/CC3200SDK_1.2.0/cc3200-sdk/example/common/timer_if.c'
'Invoking: ARM Compiler'
"C:/ti/ccsv6/tools/compiler/ti-cgt-arm_5.2.5/bin/armcl" -mv7M4 --code_state=16 --float_support=fpalib --abi=eabi -me --include_path="C:/ti/ccsv6/tools/compiler/ti-cgt-arm_5.2.5/include" --include_path="C:/ti/CC3200SDK_1.2.0/cc3200-sdk/example/common" --include_path="C:/ti/CC3200SDK_1.2.0/cc3200-sdk/driverlib" --include_path="C:/ti/CC3200SDK_1.2.0/cc3200-sdk/inc" --include_path="C:/ti/CC3200SDK_1.2.0/cc3200-sdk/oslib/" --include_path="C:/ti/CC3200SDK_1.2.0/cc3200-sdk/simplelink/" --include_path="C:/ti/CC3200SDK_1.2.0/cc3200-sdk/simplelink/include" --include_path="C:/ti/CC3200SDK_1.2.0/cc3200-sdk/simplelink/source" --include_path="C:/ti/CC3200SDK_1.2.0/cc3200-sdk/simplelink_extlib/provisioninglib" -g --gcc --define=ccs --define=SL_PLATFORM_MULTI_THREADED --define=USE_FREERTOS --define=cc3200 --diag_wrap=off --diag_warning=225 --display_error_number --preproc_with_compile --preproc_dependency="timer_if.pp"  "C:/ti/CC3200SDK_1.2.0/cc3200-sdk/example/common/timer_if.c"
'Finished building: C:/ti/CC3200SDK_1.2.0/cc3200-sdk/example/common/timer_if.c'
' '
'Building file: C:/ti/CC3200SDK_1.2.0/cc3200-sdk/example/common/uart_if.c'
'Invoking: ARM Compiler'
"C:/ti/ccsv6/tools/compiler/ti-cgt-arm_5.2.5/bin/armcl" -mv7M4 --code_state=16 --float_support=fpalib --abi=eabi -me --include_path="C:/ti/ccsv6/tools/compiler/ti-cgt-arm_5.2.5/include" --include_path="C:/ti/CC3200SDK_1.2.0/cc3200-sdk/example/common" --include_path="C:/ti/CC3200SDK_1.2.0/cc3200-sdk/driverlib" --include_path="C:/ti/CC3200SDK_1.2.0/cc3200-sdk/inc" --include_path="C:/ti/CC3200SDK_1.2.0/cc3200-sdk/oslib/" --include_path="C:/ti/CC3200SDK_1.2.0/cc3200-sdk/simplelink/" --include_path="C:/ti/CC3200SDK_1.2.0/cc3200-sdk/simplelink/include" --include_path="C:/ti/CC3200SDK_1.2.0/cc3200-sdk/simplelink/source" --include_path="C:/ti/CC3200SDK_1.2.0/cc3200-sdk/simplelink_extlib/provisioninglib" -g --gcc --define=ccs --define=SL_PLATFORM_MULTI_THREADED --define=USE_FREERTOS --define=cc3200 --diag_wrap=off --diag_warning=225 --display_error_number --preproc_with_compile --preproc_dependency="uart_if.pp"  "C:/ti/CC3200SDK_1.2.0/cc3200-sdk/example/common/uart_if.c"
'Finished building: C:/ti/CC3200SDK_1.2.0/cc3200-sdk/example/common/uart_if.c'
' '
'Building file: C:/ti/CC3200SDK_1.2.0/cc3200-sdk/example/common/udma_if.c'
'Invoking: ARM Compiler'
"C:/ti/ccsv6/tools/compiler/ti-cgt-arm_5.2.5/bin/armcl" -mv7M4 --code_state=16 --float_support=fpalib --abi=eabi -me --include_path="C:/ti/ccsv6/tools/compiler/ti-cgt-arm_5.2.5/include" --include_path="C:/ti/CC3200SDK_1.2.0/cc3200-sdk/example/common" --include_path="C:/ti/CC3200SDK_1.2.0/cc3200-sdk/driverlib" --include_path="C:/ti/CC3200SDK_1.2.0/cc3200-sdk/inc" --include_path="C:/ti/CC3200SDK_1.2.0/cc3200-sdk/oslib/" --include_path="C:/ti/CC3200SDK_1.2.0/cc3200-sdk/simplelink/" --include_path="C:/ti/CC3200SDK_1.2.0/cc3200-sdk/simplelink/include" --include_path="C:/ti/CC3200SDK_1.2.0/cc3200-sdk/simplelink/source" --include_path="C:/ti/CC3200SDK_1.2.0/cc3200-sdk/simplelink_extlib/provisioninglib" -g --gcc --define=ccs --define=SL_PLATFORM_MULTI_THREADED --define=USE_FREERTOS --define=cc3200 --diag_wrap=off --diag_warning=225 --display_error_number --preproc_with_compile --preproc_dependency="udma_if.pp"  "C:/ti/CC3200SDK_1.2.0/cc3200-sdk/example/common/udma_if.c"
'Finished building: C:/ti/CC3200SDK_1.2.0/cc3200-sdk/example/common/udma_if.c'
' '
'Building target: get_time.out'
'Invoking: ARM Linker'
"C:/ti/ccsv6/tools/compiler/ti-cgt-arm_5.2.5/bin/armcl" -mv7M4 --code_state=16 --float_support=fpalib --abi=eabi -me -g --gcc --define=ccs --define=SL_PLATFORM_MULTI_THREADED --define=USE_FREERTOS --define=cc3200 --diag_wrap=off --diag_warning=225 --display_error_number -z -m"get_time.map" --heap_size=0x8000 --stack_size=0x800 -i"C:/ti/ccsv6/tools/compiler/ti-cgt-arm_5.2.5/lib" -i"C:/ti/ccsv6/tools/compiler/ti-cgt-arm_5.2.5/include" -i"C:/ti/CC3200SDK_1.2.0/cc3200-sdk/driverlib/ccs/Release" -i"C:/ti/CC3200SDK_1.2.0/cc3200-sdk/simplelink/ccs/OS" -i"C:/ti/CC3200SDK_1.2.0/cc3200-sdk/oslib/ccs/free_rtos" --reread_libs --display_error_number --diag_wrap=off --warn_sections --xml_link_info="get_time_linkInfo.xml" --rom_model -o "get_time.out" "./gpio_if.obj" "./main.obj" "./network_common.obj" "./network_if.obj" "./pinmux.obj" "./startup_ccs.obj" "./timer_if.obj" "./uart_if.obj" "./udma_if.obj" "../cc3200v1p32.cmd"  -l"libc.a" -lfree_rtos.a -lsimplelink.a -ldriverlib.a 
<Linking>
error #10008-D: cannot find file "free_rtos.a"
error #10008-D: cannot find file "simplelink.a"

 undefined                      first referenced
  symbol                            in file     
 ---------                      ----------------
 VStartSimpleLinkSpawnTask      ./main.obj      
 g_pfnVectors                   ./main.obj      
 osi_InterruptRegister          ./gpio_if.obj   
 osi_Sleep                      ./network_if.obj
 osi_TaskCreate                 ./main.obj      
 osi_start                      ./main.obj      
 sl_Bind                        ./main.obj      
 sl_Close                       ./main.obj      
 sl_DevGet                      ./network_if.obj
 sl_NetAppDnsGetHostByName      ./network_if.obj
 sl_NetAppMDNSUnRegisterService ./network_if.obj
 sl_NetCfgGet                   ./network_if.obj
 sl_NetCfgSet                   ./network_if.obj
 sl_RecvFrom                    ./main.obj      
 sl_SendTo                      ./main.obj      
 sl_SetSockOpt                  ./main.obj      
 sl_Socket                      ./main.obj      
 sl_Start                       ./network_if.obj
 sl_Stop                        ./network_if.obj
 sl_WlanConnect                 ./network_if.obj
 sl_WlanDisconnect              ./network_if.obj
 sl_WlanPolicySet               ./network_if.obj
 sl_WlanProfileDel              ./network_if.obj
 sl_WlanRxFilterSet             ./network_if.obj
 sl_WlanSet                     ./network_if.obj
 sl_WlanSetMode                 ./network_if.obj

error #10234-D: unresolved symbols remain
error #10010: errors encountered during linking; "get_time.out" not built

>> Compilation failure
gmake: *** [get_time.out] Error 1
gmake: Target `all' not remade because of errors.

**** Build Finished ****
