
**** Build of configuration Release for project ProjectV3 ****

"C:\\ti\\ccsv6\\utils\\bin\\gmake" -k all 
'Building file: ../ADXL345.c'
'Invoking: ARM Compiler'
"C:/ti/ccsv6/tools/compiler/ti-cgt-arm_5.2.5/bin/armcl" -mv7M4 --code_state=16 --float_support=vfplib --abi=eabi -me --opt_for_speed=0 --include_path="C:/ti/ccsv6/tools/compiler/ti-cgt-arm_5.2.5/include" --include_path="C:/ti/CC3200SDK_1.2.0/cc3200-sdk/third_party/fatfs/src" --include_path="C:/ti/CC3200SDK_1.2.0/cc3200-sdk/netapps/" --include_path="C:/ti/CC3200SDK_1.2.0/cc3200-sdk/netapps/json/" --include_path="C:/ti/CC3200SDK_1.2.0/cc3200-sdk/driverlib/" --include_path="C:/ti/CC3200SDK_1.2.0/cc3200-sdk/inc/" --include_path="C:/ti/CC3200SDK_1.2.0/cc3200-sdk/example/common" --include_path="C:/ti/CC3200SDK_1.2.0/cc3200-sdk/simplelink/" --include_path="C:/ti/CC3200SDK_1.2.0/cc3200-sdk/simplelink/source" --include_path="C:/ti/CC3200SDK_1.2.0/cc3200-sdk/simplelink/include" --include_path="C:/ti/CC3200SDK_1.2.0/cc3200-sdk/simplelink_extlib/provisioninglib" -g --define=cc3200 --define=__SL__ --define=ccs --diag_wrap=off --diag_warning=225 --display_error_number --preproc_with_compile --preproc_dependency="ADXL345.pp"  "../ADXL345.c"
'Finished building: ../ADXL345.c'
' '
'Building file: ../DS2401.c'
'Invoking: ARM Compiler'
"C:/ti/ccsv6/tools/compiler/ti-cgt-arm_5.2.5/bin/armcl" -mv7M4 --code_state=16 --float_support=vfplib --abi=eabi -me --opt_for_speed=0 --include_path="C:/ti/ccsv6/tools/compiler/ti-cgt-arm_5.2.5/include" --include_path="C:/ti/CC3200SDK_1.2.0/cc3200-sdk/third_party/fatfs/src" --include_path="C:/ti/CC3200SDK_1.2.0/cc3200-sdk/netapps/" --include_path="C:/ti/CC3200SDK_1.2.0/cc3200-sdk/netapps/json/" --include_path="C:/ti/CC3200SDK_1.2.0/cc3200-sdk/driverlib/" --include_path="C:/ti/CC3200SDK_1.2.0/cc3200-sdk/inc/" --include_path="C:/ti/CC3200SDK_1.2.0/cc3200-sdk/example/common" --include_path="C:/ti/CC3200SDK_1.2.0/cc3200-sdk/simplelink/" --include_path="C:/ti/CC3200SDK_1.2.0/cc3200-sdk/simplelink/source" --include_path="C:/ti/CC3200SDK_1.2.0/cc3200-sdk/simplelink/include" --include_path="C:/ti/CC3200SDK_1.2.0/cc3200-sdk/simplelink_extlib/provisioninglib" -g --define=cc3200 --define=__SL__ --define=ccs --diag_wrap=off --diag_warning=225 --display_error_number --preproc_with_compile --preproc_dependency="DS2401.pp"  "../DS2401.c"
'Finished building: ../DS2401.c'
' '
'Building file: ../HMC5883.c'
'Invoking: ARM Compiler'
"C:/ti/ccsv6/tools/compiler/ti-cgt-arm_5.2.5/bin/armcl" -mv7M4 --code_state=16 --float_support=vfplib --abi=eabi -me --opt_for_speed=0 --include_path="C:/ti/ccsv6/tools/compiler/ti-cgt-arm_5.2.5/include" --include_path="C:/ti/CC3200SDK_1.2.0/cc3200-sdk/third_party/fatfs/src" --include_path="C:/ti/CC3200SDK_1.2.0/cc3200-sdk/netapps/" --include_path="C:/ti/CC3200SDK_1.2.0/cc3200-sdk/netapps/json/" --include_path="C:/ti/CC3200SDK_1.2.0/cc3200-sdk/driverlib/" --include_path="C:/ti/CC3200SDK_1.2.0/cc3200-sdk/inc/" --include_path="C:/ti/CC3200SDK_1.2.0/cc3200-sdk/example/common" --include_path="C:/ti/CC3200SDK_1.2.0/cc3200-sdk/simplelink/" --include_path="C:/ti/CC3200SDK_1.2.0/cc3200-sdk/simplelink/source" --include_path="C:/ti/CC3200SDK_1.2.0/cc3200-sdk/simplelink/include" --include_path="C:/ti/CC3200SDK_1.2.0/cc3200-sdk/simplelink_extlib/provisioninglib" -g --define=cc3200 --define=__SL__ --define=ccs --diag_wrap=off --diag_warning=225 --display_error_number --preproc_with_compile --preproc_dependency="HMC5883.pp"  "../HMC5883.c"
'Finished building: ../HMC5883.c'
' '
'Building file: ../IMU.c'
'Invoking: ARM Compiler'
"C:/ti/ccsv6/tools/compiler/ti-cgt-arm_5.2.5/bin/armcl" -mv7M4 --code_state=16 --float_support=vfplib --abi=eabi -me --opt_for_speed=0 --include_path="C:/ti/ccsv6/tools/compiler/ti-cgt-arm_5.2.5/include" --include_path="C:/ti/CC3200SDK_1.2.0/cc3200-sdk/third_party/fatfs/src" --include_path="C:/ti/CC3200SDK_1.2.0/cc3200-sdk/netapps/" --include_path="C:/ti/CC3200SDK_1.2.0/cc3200-sdk/netapps/json/" --include_path="C:/ti/CC3200SDK_1.2.0/cc3200-sdk/driverlib/" --include_path="C:/ti/CC3200SDK_1.2.0/cc3200-sdk/inc/" --include_path="C:/ti/CC3200SDK_1.2.0/cc3200-sdk/example/common" --include_path="C:/ti/CC3200SDK_1.2.0/cc3200-sdk/simplelink/" --include_path="C:/ti/CC3200SDK_1.2.0/cc3200-sdk/simplelink/source" --include_path="C:/ti/CC3200SDK_1.2.0/cc3200-sdk/simplelink/include" --include_path="C:/ti/CC3200SDK_1.2.0/cc3200-sdk/simplelink_extlib/provisioninglib" -g --define=cc3200 --define=__SL__ --define=ccs --diag_wrap=off --diag_warning=225 --display_error_number --preproc_with_compile --preproc_dependency="IMU.pp"  "../IMU.c"
'Finished building: ../IMU.c'
' '
'Building file: ../MPL115A2.c'
'Invoking: ARM Compiler'
"C:/ti/ccsv6/tools/compiler/ti-cgt-arm_5.2.5/bin/armcl" -mv7M4 --code_state=16 --float_support=vfplib --abi=eabi -me --opt_for_speed=0 --include_path="C:/ti/ccsv6/tools/compiler/ti-cgt-arm_5.2.5/include" --include_path="C:/ti/CC3200SDK_1.2.0/cc3200-sdk/third_party/fatfs/src" --include_path="C:/ti/CC3200SDK_1.2.0/cc3200-sdk/netapps/" --include_path="C:/ti/CC3200SDK_1.2.0/cc3200-sdk/netapps/json/" --include_path="C:/ti/CC3200SDK_1.2.0/cc3200-sdk/driverlib/" --include_path="C:/ti/CC3200SDK_1.2.0/cc3200-sdk/inc/" --include_path="C:/ti/CC3200SDK_1.2.0/cc3200-sdk/example/common" --include_path="C:/ti/CC3200SDK_1.2.0/cc3200-sdk/simplelink/" --include_path="C:/ti/CC3200SDK_1.2.0/cc3200-sdk/simplelink/source" --include_path="C:/ti/CC3200SDK_1.2.0/cc3200-sdk/simplelink/include" --include_path="C:/ti/CC3200SDK_1.2.0/cc3200-sdk/simplelink_extlib/provisioninglib" -g --define=cc3200 --define=__SL__ --define=ccs --diag_wrap=off --diag_warning=225 --display_error_number --preproc_with_compile --preproc_dependency="MPL115A2.pp"  "../MPL115A2.c"
'Finished building: ../MPL115A2.c'
' '
'Building file: ../NMEA.c'
'Invoking: ARM Compiler'
"C:/ti/ccsv6/tools/compiler/ti-cgt-arm_5.2.5/bin/armcl" -mv7M4 --code_state=16 --float_support=vfplib --abi=eabi -me --opt_for_speed=0 --include_path="C:/ti/ccsv6/tools/compiler/ti-cgt-arm_5.2.5/include" --include_path="C:/ti/CC3200SDK_1.2.0/cc3200-sdk/third_party/fatfs/src" --include_path="C:/ti/CC3200SDK_1.2.0/cc3200-sdk/netapps/" --include_path="C:/ti/CC3200SDK_1.2.0/cc3200-sdk/netapps/json/" --include_path="C:/ti/CC3200SDK_1.2.0/cc3200-sdk/driverlib/" --include_path="C:/ti/CC3200SDK_1.2.0/cc3200-sdk/inc/" --include_path="C:/ti/CC3200SDK_1.2.0/cc3200-sdk/example/common" --include_path="C:/ti/CC3200SDK_1.2.0/cc3200-sdk/simplelink/" --include_path="C:/ti/CC3200SDK_1.2.0/cc3200-sdk/simplelink/source" --include_path="C:/ti/CC3200SDK_1.2.0/cc3200-sdk/simplelink/include" --include_path="C:/ti/CC3200SDK_1.2.0/cc3200-sdk/simplelink_extlib/provisioninglib" -g --define=cc3200 --define=__SL__ --define=ccs --diag_wrap=off --diag_warning=225 --display_error_number --preproc_with_compile --preproc_dependency="NMEA.pp"  "../NMEA.c"
'Finished building: ../NMEA.c'
' '
'Building file: ../NetworkFunctions.c'
'Invoking: ARM Compiler'
"C:/ti/ccsv6/tools/compiler/ti-cgt-arm_5.2.5/bin/armcl" -mv7M4 --code_state=16 --float_support=vfplib --abi=eabi -me --opt_for_speed=0 --include_path="C:/ti/ccsv6/tools/compiler/ti-cgt-arm_5.2.5/include" --include_path="C:/ti/CC3200SDK_1.2.0/cc3200-sdk/third_party/fatfs/src" --include_path="C:/ti/CC3200SDK_1.2.0/cc3200-sdk/netapps/" --include_path="C:/ti/CC3200SDK_1.2.0/cc3200-sdk/netapps/json/" --include_path="C:/ti/CC3200SDK_1.2.0/cc3200-sdk/driverlib/" --include_path="C:/ti/CC3200SDK_1.2.0/cc3200-sdk/inc/" --include_path="C:/ti/CC3200SDK_1.2.0/cc3200-sdk/example/common" --include_path="C:/ti/CC3200SDK_1.2.0/cc3200-sdk/simplelink/" --include_path="C:/ti/CC3200SDK_1.2.0/cc3200-sdk/simplelink/source" --include_path="C:/ti/CC3200SDK_1.2.0/cc3200-sdk/simplelink/include" --include_path="C:/ti/CC3200SDK_1.2.0/cc3200-sdk/simplelink_extlib/provisioninglib" -g --define=cc3200 --define=__SL__ --define=ccs --diag_wrap=off --diag_warning=225 --display_error_number --preproc_with_compile --preproc_dependency="NetworkFunctions.pp"  "../NetworkFunctions.c"
"../NetworkFunctions.c", line 547: warning #179-D: function "HTTPGetMethod" was declared but never referenced
"../NetworkFunctions.c", line 592: warning #179-D: function "ConnectToAP" was declared but never referenced
"../NetworkFunctions.c", line 650: warning #179-D: function "ConnectToHTTPServer" was declared but never referenced
'Finished building: ../NetworkFunctions.c'
' '
'Building file: ../SimpleLinkFunctions.c'
'Invoking: ARM Compiler'
"C:/ti/ccsv6/tools/compiler/ti-cgt-arm_5.2.5/bin/armcl" -mv7M4 --code_state=16 --float_support=vfplib --abi=eabi -me --opt_for_speed=0 --include_path="C:/ti/ccsv6/tools/compiler/ti-cgt-arm_5.2.5/include" --include_path="C:/ti/CC3200SDK_1.2.0/cc3200-sdk/third_party/fatfs/src" --include_path="C:/ti/CC3200SDK_1.2.0/cc3200-sdk/netapps/" --include_path="C:/ti/CC3200SDK_1.2.0/cc3200-sdk/netapps/json/" --include_path="C:/ti/CC3200SDK_1.2.0/cc3200-sdk/driverlib/" --include_path="C:/ti/CC3200SDK_1.2.0/cc3200-sdk/inc/" --include_path="C:/ti/CC3200SDK_1.2.0/cc3200-sdk/example/common" --include_path="C:/ti/CC3200SDK_1.2.0/cc3200-sdk/simplelink/" --include_path="C:/ti/CC3200SDK_1.2.0/cc3200-sdk/simplelink/source" --include_path="C:/ti/CC3200SDK_1.2.0/cc3200-sdk/simplelink/include" --include_path="C:/ti/CC3200SDK_1.2.0/cc3200-sdk/simplelink_extlib/provisioninglib" -g --define=cc3200 --define=__SL__ --define=ccs --diag_wrap=off --diag_warning=225 --display_error_number --preproc_with_compile --preproc_dependency="SimpleLinkFunctions.pp"  "../SimpleLinkFunctions.c"
'Finished building: ../SimpleLinkFunctions.c'
' '
'Building file: ../diskio.c'
'Invoking: ARM Compiler'
"C:/ti/ccsv6/tools/compiler/ti-cgt-arm_5.2.5/bin/armcl" -mv7M4 --code_state=16 --float_support=vfplib --abi=eabi -me --opt_for_speed=0 --include_path="C:/ti/ccsv6/tools/compiler/ti-cgt-arm_5.2.5/include" --include_path="C:/ti/CC3200SDK_1.2.0/cc3200-sdk/third_party/fatfs/src" --include_path="C:/ti/CC3200SDK_1.2.0/cc3200-sdk/netapps/" --include_path="C:/ti/CC3200SDK_1.2.0/cc3200-sdk/netapps/json/" --include_path="C:/ti/CC3200SDK_1.2.0/cc3200-sdk/driverlib/" --include_path="C:/ti/CC3200SDK_1.2.0/cc3200-sdk/inc/" --include_path="C:/ti/CC3200SDK_1.2.0/cc3200-sdk/example/common" --include_path="C:/ti/CC3200SDK_1.2.0/cc3200-sdk/simplelink/" --include_path="C:/ti/CC3200SDK_1.2.0/cc3200-sdk/simplelink/source" --include_path="C:/ti/CC3200SDK_1.2.0/cc3200-sdk/simplelink/include" --include_path="C:/ti/CC3200SDK_1.2.0/cc3200-sdk/simplelink_extlib/provisioninglib" -g --define=cc3200 --define=__SL__ --define=ccs --diag_wrap=off --diag_warning=225 --display_error_number --preproc_with_compile --preproc_dependency="diskio.pp"  "../diskio.c"
'Finished building: ../diskio.c'
' '
'Building file: C:/ti/CC3200SDK_1.2.0/cc3200-sdk/example/common/gpio_if.c'
'Invoking: ARM Compiler'
"C:/ti/ccsv6/tools/compiler/ti-cgt-arm_5.2.5/bin/armcl" -mv7M4 --code_state=16 --float_support=vfplib --abi=eabi -me --opt_for_speed=0 --include_path="C:/ti/ccsv6/tools/compiler/ti-cgt-arm_5.2.5/include" --include_path="C:/ti/CC3200SDK_1.2.0/cc3200-sdk/third_party/fatfs/src" --include_path="C:/ti/CC3200SDK_1.2.0/cc3200-sdk/netapps/" --include_path="C:/ti/CC3200SDK_1.2.0/cc3200-sdk/netapps/json/" --include_path="C:/ti/CC3200SDK_1.2.0/cc3200-sdk/driverlib/" --include_path="C:/ti/CC3200SDK_1.2.0/cc3200-sdk/inc/" --include_path="C:/ti/CC3200SDK_1.2.0/cc3200-sdk/example/common" --include_path="C:/ti/CC3200SDK_1.2.0/cc3200-sdk/simplelink/" --include_path="C:/ti/CC3200SDK_1.2.0/cc3200-sdk/simplelink/source" --include_path="C:/ti/CC3200SDK_1.2.0/cc3200-sdk/simplelink/include" --include_path="C:/ti/CC3200SDK_1.2.0/cc3200-sdk/simplelink_extlib/provisioninglib" -g --define=cc3200 --define=__SL__ --define=ccs --diag_wrap=off --diag_warning=225 --display_error_number --preproc_with_compile --preproc_dependency="gpio_if.pp"  "C:/ti/CC3200SDK_1.2.0/cc3200-sdk/example/common/gpio_if.c"
'Finished building: C:/ti/CC3200SDK_1.2.0/cc3200-sdk/example/common/gpio_if.c'
' '
'Building file: C:/ti/CC3200SDK_1.2.0/cc3200-sdk/example/common/i2c_if.c'
'Invoking: ARM Compiler'
"C:/ti/ccsv6/tools/compiler/ti-cgt-arm_5.2.5/bin/armcl" -mv7M4 --code_state=16 --float_support=vfplib --abi=eabi -me --opt_for_speed=0 --include_path="C:/ti/ccsv6/tools/compiler/ti-cgt-arm_5.2.5/include" --include_path="C:/ti/CC3200SDK_1.2.0/cc3200-sdk/third_party/fatfs/src" --include_path="C:/ti/CC3200SDK_1.2.0/cc3200-sdk/netapps/" --include_path="C:/ti/CC3200SDK_1.2.0/cc3200-sdk/netapps/json/" --include_path="C:/ti/CC3200SDK_1.2.0/cc3200-sdk/driverlib/" --include_path="C:/ti/CC3200SDK_1.2.0/cc3200-sdk/inc/" --include_path="C:/ti/CC3200SDK_1.2.0/cc3200-sdk/example/common" --include_path="C:/ti/CC3200SDK_1.2.0/cc3200-sdk/simplelink/" --include_path="C:/ti/CC3200SDK_1.2.0/cc3200-sdk/simplelink/source" --include_path="C:/ti/CC3200SDK_1.2.0/cc3200-sdk/simplelink/include" --include_path="C:/ti/CC3200SDK_1.2.0/cc3200-sdk/simplelink_extlib/provisioninglib" -g --define=cc3200 --define=__SL__ --define=ccs --diag_wrap=off --diag_warning=225 --display_error_number --preproc_with_compile --preproc_dependency="i2c_if.pp"  "C:/ti/CC3200SDK_1.2.0/cc3200-sdk/example/common/i2c_if.c"
'Finished building: C:/ti/CC3200SDK_1.2.0/cc3200-sdk/example/common/i2c_if.c'
' '
'Building file: ../main.c'
'Invoking: ARM Compiler'
"C:/ti/ccsv6/tools/compiler/ti-cgt-arm_5.2.5/bin/armcl" -mv7M4 --code_state=16 --float_support=vfplib --abi=eabi -me --opt_for_speed=0 --include_path="C:/ti/ccsv6/tools/compiler/ti-cgt-arm_5.2.5/include" --include_path="C:/ti/CC3200SDK_1.2.0/cc3200-sdk/third_party/fatfs/src" --include_path="C:/ti/CC3200SDK_1.2.0/cc3200-sdk/netapps/" --include_path="C:/ti/CC3200SDK_1.2.0/cc3200-sdk/netapps/json/" --include_path="C:/ti/CC3200SDK_1.2.0/cc3200-sdk/driverlib/" --include_path="C:/ti/CC3200SDK_1.2.0/cc3200-sdk/inc/" --include_path="C:/ti/CC3200SDK_1.2.0/cc3200-sdk/example/common" --include_path="C:/ti/CC3200SDK_1.2.0/cc3200-sdk/simplelink/" --include_path="C:/ti/CC3200SDK_1.2.0/cc3200-sdk/simplelink/source" --include_path="C:/ti/CC3200SDK_1.2.0/cc3200-sdk/simplelink/include" --include_path="C:/ti/CC3200SDK_1.2.0/cc3200-sdk/simplelink_extlib/provisioninglib" -g --define=cc3200 --define=__SL__ --define=ccs --diag_wrap=off --diag_warning=225 --display_error_number --preproc_with_compile --preproc_dependency="main.pp"  "../main.c"
"../main.c", line 297: warning #112-D: statement is unreachable
"../main.c", line 134: warning #179-D: variable "lRetVal" was declared but never referenced
'Finished building: ../main.c'
' '
'Building file: C:/ti/CC3200SDK_1.2.0/cc3200-sdk/example/common/network_common.c'
'Invoking: ARM Compiler'
"C:/ti/ccsv6/tools/compiler/ti-cgt-arm_5.2.5/bin/armcl" -mv7M4 --code_state=16 --float_support=vfplib --abi=eabi -me --opt_for_speed=0 --include_path="C:/ti/ccsv6/tools/compiler/ti-cgt-arm_5.2.5/include" --include_path="C:/ti/CC3200SDK_1.2.0/cc3200-sdk/third_party/fatfs/src" --include_path="C:/ti/CC3200SDK_1.2.0/cc3200-sdk/netapps/" --include_path="C:/ti/CC3200SDK_1.2.0/cc3200-sdk/netapps/json/" --include_path="C:/ti/CC3200SDK_1.2.0/cc3200-sdk/driverlib/" --include_path="C:/ti/CC3200SDK_1.2.0/cc3200-sdk/inc/" --include_path="C:/ti/CC3200SDK_1.2.0/cc3200-sdk/example/common" --include_path="C:/ti/CC3200SDK_1.2.0/cc3200-sdk/simplelink/" --include_path="C:/ti/CC3200SDK_1.2.0/cc3200-sdk/simplelink/source" --include_path="C:/ti/CC3200SDK_1.2.0/cc3200-sdk/simplelink/include" --include_path="C:/ti/CC3200SDK_1.2.0/cc3200-sdk/simplelink_extlib/provisioninglib" -g --define=cc3200 --define=__SL__ --define=ccs --diag_wrap=off --diag_warning=225 --display_error_number --preproc_with_compile --preproc_dependency="network_common.pp"  "C:/ti/CC3200SDK_1.2.0/cc3200-sdk/example/common/network_common.c"
'Finished building: C:/ti/CC3200SDK_1.2.0/cc3200-sdk/example/common/network_common.c'
' '
'Building file: ../pinmux2.c'
'Invoking: ARM Compiler'
"C:/ti/ccsv6/tools/compiler/ti-cgt-arm_5.2.5/bin/armcl" -mv7M4 --code_state=16 --float_support=vfplib --abi=eabi -me --opt_for_speed=0 --include_path="C:/ti/ccsv6/tools/compiler/ti-cgt-arm_5.2.5/include" --include_path="C:/ti/CC3200SDK_1.2.0/cc3200-sdk/third_party/fatfs/src" --include_path="C:/ti/CC3200SDK_1.2.0/cc3200-sdk/netapps/" --include_path="C:/ti/CC3200SDK_1.2.0/cc3200-sdk/netapps/json/" --include_path="C:/ti/CC3200SDK_1.2.0/cc3200-sdk/driverlib/" --include_path="C:/ti/CC3200SDK_1.2.0/cc3200-sdk/inc/" --include_path="C:/ti/CC3200SDK_1.2.0/cc3200-sdk/example/common" --include_path="C:/ti/CC3200SDK_1.2.0/cc3200-sdk/simplelink/" --include_path="C:/ti/CC3200SDK_1.2.0/cc3200-sdk/simplelink/source" --include_path="C:/ti/CC3200SDK_1.2.0/cc3200-sdk/simplelink/include" --include_path="C:/ti/CC3200SDK_1.2.0/cc3200-sdk/simplelink_extlib/provisioninglib" -g --define=cc3200 --define=__SL__ --define=ccs --diag_wrap=off --diag_warning=225 --display_error_number --preproc_with_compile --preproc_dependency="pinmux2.pp"  "../pinmux2.c"
'Finished building: ../pinmux2.c'
' '
'Building file: C:/ti/CC3200SDK_1.2.0/cc3200-sdk/example/common/startup_ccs.c'
'Invoking: ARM Compiler'
"C:/ti/ccsv6/tools/compiler/ti-cgt-arm_5.2.5/bin/armcl" -mv7M4 --code_state=16 --float_support=vfplib --abi=eabi -me --opt_for_speed=0 --include_path="C:/ti/ccsv6/tools/compiler/ti-cgt-arm_5.2.5/include" --include_path="C:/ti/CC3200SDK_1.2.0/cc3200-sdk/third_party/fatfs/src" --include_path="C:/ti/CC3200SDK_1.2.0/cc3200-sdk/netapps/" --include_path="C:/ti/CC3200SDK_1.2.0/cc3200-sdk/netapps/json/" --include_path="C:/ti/CC3200SDK_1.2.0/cc3200-sdk/driverlib/" --include_path="C:/ti/CC3200SDK_1.2.0/cc3200-sdk/inc/" --include_path="C:/ti/CC3200SDK_1.2.0/cc3200-sdk/example/common" --include_path="C:/ti/CC3200SDK_1.2.0/cc3200-sdk/simplelink/" --include_path="C:/ti/CC3200SDK_1.2.0/cc3200-sdk/simplelink/source" --include_path="C:/ti/CC3200SDK_1.2.0/cc3200-sdk/simplelink/include" --include_path="C:/ti/CC3200SDK_1.2.0/cc3200-sdk/simplelink_extlib/provisioninglib" -g --define=cc3200 --define=__SL__ --define=ccs --diag_wrap=off --diag_warning=225 --display_error_number --preproc_with_compile --preproc_dependency="startup_ccs.pp"  "C:/ti/CC3200SDK_1.2.0/cc3200-sdk/example/common/startup_ccs.c"
'Finished building: C:/ti/CC3200SDK_1.2.0/cc3200-sdk/example/common/startup_ccs.c'
' '
'Building file: C:/ti/CC3200SDK_1.2.0/cc3200-sdk/example/common/uart_if.c'
'Invoking: ARM Compiler'
"C:/ti/ccsv6/tools/compiler/ti-cgt-arm_5.2.5/bin/armcl" -mv7M4 --code_state=16 --float_support=vfplib --abi=eabi -me --opt_for_speed=0 --include_path="C:/ti/ccsv6/tools/compiler/ti-cgt-arm_5.2.5/include" --include_path="C:/ti/CC3200SDK_1.2.0/cc3200-sdk/third_party/fatfs/src" --include_path="C:/ti/CC3200SDK_1.2.0/cc3200-sdk/netapps/" --include_path="C:/ti/CC3200SDK_1.2.0/cc3200-sdk/netapps/json/" --include_path="C:/ti/CC3200SDK_1.2.0/cc3200-sdk/driverlib/" --include_path="C:/ti/CC3200SDK_1.2.0/cc3200-sdk/inc/" --include_path="C:/ti/CC3200SDK_1.2.0/cc3200-sdk/example/common" --include_path="C:/ti/CC3200SDK_1.2.0/cc3200-sdk/simplelink/" --include_path="C:/ti/CC3200SDK_1.2.0/cc3200-sdk/simplelink/source" --include_path="C:/ti/CC3200SDK_1.2.0/cc3200-sdk/simplelink/include" --include_path="C:/ti/CC3200SDK_1.2.0/cc3200-sdk/simplelink_extlib/provisioninglib" -g --define=cc3200 --define=__SL__ --define=ccs --diag_wrap=off --diag_warning=225 --display_error_number --preproc_with_compile --preproc_dependency="uart_if.pp"  "C:/ti/CC3200SDK_1.2.0/cc3200-sdk/example/common/uart_if.c"
'Finished building: C:/ti/CC3200SDK_1.2.0/cc3200-sdk/example/common/uart_if.c'
' '
'Building target: ProjectV3.out'
'Invoking: ARM Linker'
"C:/ti/ccsv6/tools/compiler/ti-cgt-arm_5.2.5/bin/armcl" -mv7M4 --code_state=16 --float_support=vfplib --abi=eabi -me --opt_for_speed=0 -g --define=cc3200 --define=__SL__ --define=ccs --diag_wrap=off --diag_warning=225 --display_error_number -z -m"ProjectV3.map" --heap_size=0x800 --stack_size=0x800 -i"C:/ti/ccsv6/tools/compiler/ti-cgt-arm_5.2.5/lib" -i"C:/ti/ccsv6/tools/compiler/ti-cgt-arm_5.2.5/include" -i"C:/ti/CC3200SDK_1.2.0/cc3200-sdk/netapps/http/client/ccs/HTTPClientMinLib" -i"C:/ti/CC3200SDK_1.2.0/cc3200-sdk/netapps/json/ccs/Release/" --reread_libs --display_error_number --diag_wrap=off --warn_sections --xml_link_info="ProjectV3_linkInfo.xml" --rom_model -o "ProjectV3.out" "./ADXL345.obj" "./DS2401.obj" "./HMC5883.obj" "./IMU.obj" "./MPL115A2.obj" "./NMEA.obj" "./NetworkFunctions.obj" "./SimpleLinkFunctions.obj" "./diskio.obj" "./gpio_if.obj" "./i2c_if.obj" "./main.obj" "./network_common.obj" "./pinmux2.obj" "./startup_ccs.obj" "./uart_if.obj" "../cc3200v1p32.cmd"  -l"libc.a" -l"C:/ti/CC3200SDK_1.2.0/cc3200-sdk/example/http_client_demo/ccs/../../../third_party/fatfs/ccs/Release/fatfs.a" -l"C:/ti/CC3200SDK_1.2.0/cc3200-sdk/example/http_client_demo/ccs/../../../driverlib/ccs/Release/driverlib.a" -l"C:/ti/CC3200SDK_1.2.0/cc3200-sdk/example/http_client_demo/ccs/../../../simplelink/ccs/NON_OS/simplelink.a" -lwebclient.a -ljson.a 
<Linking>
'Finished building target: ProjectV3.out'
' '
"C:/ti/ccsv6/utils/tiobj2bin/tiobj2bin" "ProjectV3.out" "ProjectV3.bin" "C:/ti/ccsv6/tools/compiler/ti-cgt-arm_5.2.5/bin/armofd" "C:/ti/ccsv6/tools/compiler/ti-cgt-arm_5.2.5/bin/armhex" "C:/ti/ccsv6/utils/tiobj2bin/mkhex4bin"
' '

**** Build Finished ****
