
**** Build of configuration Release for project wlan_station ****

"C:\\ti\\ccsv6\\utils\\bin\\gmake" -k all 
'Building file: C:/ti/CC3200SDK_1.2.0/cc3200-sdk/example/common/gpio_if.c'
'Invoking: ARM Compiler'
"C:/ti/ccsv6/tools/compiler/ti-cgt-arm_5.2.5/bin/armcl" -mv7M4 --abi=eabi -me --include_path="C:/ti/ccsv6/tools/compiler/ti-cgt-arm_5.2.5/include" --include_path="C:/ti/CC3200SDK_1.2.0/cc3200-sdk/simplelink/" --include_path="C:/ti/CC3200SDK_1.2.0/cc3200-sdk/simplelink/include" --include_path="C:/ti/CC3200SDK_1.2.0/cc3200-sdk/simplelink/source" --include_path="C:/ti/CC3200SDK_1.2.0/cc3200-sdk/example/common" --include_path="C:/ti/CC3200SDK_1.2.0/cc3200-sdk/oslib" --include_path="C:/ti/CC3200SDK_1.2.0/cc3200-sdk/driverlib" --include_path="C:/ti/CC3200SDK_1.2.0/cc3200-sdk/inc" --include_path="C:/ti/CC3200SDK_1.2.0/cc3200-sdk/simplelink_extlib/provisioninglib" -g --define=ccs --define=USE_TIRTOS --define=SL_PLATFORM_MULTI_THREADED --define=cc3200 --diag_wrap=off --diag_warning=225 --display_error_number --preproc_with_compile --preproc_dependency="gpio_if.pp" --cmd_file="C:/ti/CC3200SDK_1.2.0/cc3200-sdk/ti_rtos/ti_rtos_config/ccs/Default/configPkg/compiler.opt" "C:/ti/CC3200SDK_1.2.0/cc3200-sdk/example/common/gpio_if.c"
'Finished building: C:/ti/CC3200SDK_1.2.0/cc3200-sdk/example/common/gpio_if.c'
' '
'Building file: ../main.c'
'Invoking: ARM Compiler'
"C:/ti/ccsv6/tools/compiler/ti-cgt-arm_5.2.5/bin/armcl" -mv7M4 --abi=eabi -me --include_path="C:/ti/ccsv6/tools/compiler/ti-cgt-arm_5.2.5/include" --include_path="C:/ti/CC3200SDK_1.2.0/cc3200-sdk/simplelink/" --include_path="C:/ti/CC3200SDK_1.2.0/cc3200-sdk/simplelink/include" --include_path="C:/ti/CC3200SDK_1.2.0/cc3200-sdk/simplelink/source" --include_path="C:/ti/CC3200SDK_1.2.0/cc3200-sdk/example/common" --include_path="C:/ti/CC3200SDK_1.2.0/cc3200-sdk/oslib" --include_path="C:/ti/CC3200SDK_1.2.0/cc3200-sdk/driverlib" --include_path="C:/ti/CC3200SDK_1.2.0/cc3200-sdk/inc" --include_path="C:/ti/CC3200SDK_1.2.0/cc3200-sdk/simplelink_extlib/provisioninglib" -g --define=ccs --define=USE_TIRTOS --define=SL_PLATFORM_MULTI_THREADED --define=cc3200 --diag_wrap=off --diag_warning=225 --display_error_number --preproc_with_compile --preproc_dependency="main.pp" --cmd_file="C:/ti/CC3200SDK_1.2.0/cc3200-sdk/ti_rtos/ti_rtos_config/ccs/Default/configPkg/compiler.opt" "../main.c"
'Finished building: ../main.c'
' '
'Building file: C:/ti/CC3200SDK_1.2.0/cc3200-sdk/example/common/network_common.c'
'Invoking: ARM Compiler'
"C:/ti/ccsv6/tools/compiler/ti-cgt-arm_5.2.5/bin/armcl" -mv7M4 --abi=eabi -me --include_path="C:/ti/ccsv6/tools/compiler/ti-cgt-arm_5.2.5/include" --include_path="C:/ti/CC3200SDK_1.2.0/cc3200-sdk/simplelink/" --include_path="C:/ti/CC3200SDK_1.2.0/cc3200-sdk/simplelink/include" --include_path="C:/ti/CC3200SDK_1.2.0/cc3200-sdk/simplelink/source" --include_path="C:/ti/CC3200SDK_1.2.0/cc3200-sdk/example/common" --include_path="C:/ti/CC3200SDK_1.2.0/cc3200-sdk/oslib" --include_path="C:/ti/CC3200SDK_1.2.0/cc3200-sdk/driverlib" --include_path="C:/ti/CC3200SDK_1.2.0/cc3200-sdk/inc" --include_path="C:/ti/CC3200SDK_1.2.0/cc3200-sdk/simplelink_extlib/provisioninglib" -g --define=ccs --define=USE_TIRTOS --define=SL_PLATFORM_MULTI_THREADED --define=cc3200 --diag_wrap=off --diag_warning=225 --display_error_number --preproc_with_compile --preproc_dependency="network_common.pp" --cmd_file="C:/ti/CC3200SDK_1.2.0/cc3200-sdk/ti_rtos/ti_rtos_config/ccs/Default/configPkg/compiler.opt" "C:/ti/CC3200SDK_1.2.0/cc3200-sdk/example/common/network_common.c"
'Finished building: C:/ti/CC3200SDK_1.2.0/cc3200-sdk/example/common/network_common.c'
' '
'Building file: ../pinmux.c'
'Invoking: ARM Compiler'
"C:/ti/ccsv6/tools/compiler/ti-cgt-arm_5.2.5/bin/armcl" -mv7M4 --abi=eabi -me --include_path="C:/ti/ccsv6/tools/compiler/ti-cgt-arm_5.2.5/include" --include_path="C:/ti/CC3200SDK_1.2.0/cc3200-sdk/simplelink/" --include_path="C:/ti/CC3200SDK_1.2.0/cc3200-sdk/simplelink/include" --include_path="C:/ti/CC3200SDK_1.2.0/cc3200-sdk/simplelink/source" --include_path="C:/ti/CC3200SDK_1.2.0/cc3200-sdk/example/common" --include_path="C:/ti/CC3200SDK_1.2.0/cc3200-sdk/oslib" --include_path="C:/ti/CC3200SDK_1.2.0/cc3200-sdk/driverlib" --include_path="C:/ti/CC3200SDK_1.2.0/cc3200-sdk/inc" --include_path="C:/ti/CC3200SDK_1.2.0/cc3200-sdk/simplelink_extlib/provisioninglib" -g --define=ccs --define=USE_TIRTOS --define=SL_PLATFORM_MULTI_THREADED --define=cc3200 --diag_wrap=off --diag_warning=225 --display_error_number --preproc_with_compile --preproc_dependency="pinmux.pp" --cmd_file="C:/ti/CC3200SDK_1.2.0/cc3200-sdk/ti_rtos/ti_rtos_config/ccs/Default/configPkg/compiler.opt" "../pinmux.c"
'Finished building: ../pinmux.c'
' '
'Building file: C:/ti/CC3200SDK_1.2.0/cc3200-sdk/example/common/uart_if.c'
'Invoking: ARM Compiler'
"C:/ti/ccsv6/tools/compiler/ti-cgt-arm_5.2.5/bin/armcl" -mv7M4 --abi=eabi -me --include_path="C:/ti/ccsv6/tools/compiler/ti-cgt-arm_5.2.5/include" --include_path="C:/ti/CC3200SDK_1.2.0/cc3200-sdk/simplelink/" --include_path="C:/ti/CC3200SDK_1.2.0/cc3200-sdk/simplelink/include" --include_path="C:/ti/CC3200SDK_1.2.0/cc3200-sdk/simplelink/source" --include_path="C:/ti/CC3200SDK_1.2.0/cc3200-sdk/example/common" --include_path="C:/ti/CC3200SDK_1.2.0/cc3200-sdk/oslib" --include_path="C:/ti/CC3200SDK_1.2.0/cc3200-sdk/driverlib" --include_path="C:/ti/CC3200SDK_1.2.0/cc3200-sdk/inc" --include_path="C:/ti/CC3200SDK_1.2.0/cc3200-sdk/simplelink_extlib/provisioninglib" -g --define=ccs --define=USE_TIRTOS --define=SL_PLATFORM_MULTI_THREADED --define=cc3200 --diag_wrap=off --diag_warning=225 --display_error_number --preproc_with_compile --preproc_dependency="uart_if.pp" --cmd_file="C:/ti/CC3200SDK_1.2.0/cc3200-sdk/ti_rtos/ti_rtos_config/ccs/Default/configPkg/compiler.opt" "C:/ti/CC3200SDK_1.2.0/cc3200-sdk/example/common/uart_if.c"
'Finished building: C:/ti/CC3200SDK_1.2.0/cc3200-sdk/example/common/uart_if.c'
' '
'Building target: wlan_station.out'
'Invoking: ARM Linker'
"C:/ti/ccsv6/tools/compiler/ti-cgt-arm_5.2.5/bin/armcl" -mv7M4 --abi=eabi -me -g --define=ccs --define=USE_TIRTOS --define=SL_PLATFORM_MULTI_THREADED --define=cc3200 --diag_wrap=off --diag_warning=225 --display_error_number -z -m"wlan_station.map" --heap_size=0x800 --stack_size=0x800 -i"C:/ti/ccsv6/tools/compiler/ti-cgt-arm_5.2.5/lib" -i"C:/ti/ccsv6/tools/compiler/ti-cgt-arm_5.2.5/include" --reread_libs --display_error_number --diag_wrap=off --warn_sections --xml_link_info="wlan_station_linkInfo.xml" --rom_model -o "wlan_station.out" "./gpio_if.obj" "./main.obj" "./network_common.obj" "./pinmux.obj" "./uart_if.obj" "../cc3200v1p32.cmd" -l"C:/ti/CC3200SDK_1.2.0/cc3200-sdk/ti_rtos/ti_rtos_config/ccs/Default/configPkg/linker.cmd" -l"libc.a" -l"C:/ti/CC3200SDK_1.2.0/cc3200-sdk/example/getting_started_with_wlan_station/ccs/../../../driverlib/ccs/Release/driverlib.a" -l"C:/ti/CC3200SDK_1.2.0/cc3200-sdk/example/getting_started_with_wlan_station/ccs/../../../simplelink/ccs/OS/simplelink.a" -l"C:/ti/CC3200SDK_1.2.0/cc3200-sdk/example/getting_started_with_wlan_station/ccs/../../../oslib/ccs/ti_rtos/ti_rtos.a" 
<Linking>
'Finished building target: wlan_station.out'
' '
"C:/ti/ccsv6/utils/tiobj2bin/tiobj2bin" "wlan_station.out" "wlan_station.bin" "C:/ti/ccsv6/tools/compiler/ti-cgt-arm_5.2.5/bin/armofd" "C:/ti/ccsv6/tools/compiler/ti-cgt-arm_5.2.5/bin/armhex" "C:/ti/ccsv6/utils/tiobj2bin/mkhex4bin"
' '

**** Build Finished ****
